<?xml version="1.0" encoding="UTF-8"?>
<testng-results skipped="0" failed="0" ignored="0" total="2" passed="2">
  <reporter-output>
  </reporter-output>
  <suite name="Default suite" duration-ms="126" started-at="2017-03-28T06:31:50Z" finished-at="2017-03-28T06:31:51Z">
    <groups>
    </groups>
    <test name="Default test" duration-ms="126" started-at="2017-03-28T06:31:50Z" finished-at="2017-03-28T06:31:51Z">
      <class name="Module1.DataProviderFromOtherClass">
        <test-method status="PASS" signature="RestData(java.lang.String, java.lang.String, java.lang.String)[pri:0, instance:Module1.DataProviderFromOtherClass@c285f4]" name="RestData" duration-ms="42" started-at="2017-03-28T12:01:51Z" data-provider="RegData" finished-at="2017-03-28T12:01:51Z">
          <params>
            <param index="0">
              <value>
                <![CDATA[U1]]>
              </value>
            </param>
            <param index="1">
              <value>
                <![CDATA[P1]]>
              </value>
            </param>
            <param index="2">
              <value>
                <![CDATA[xyz@gmail.com]]>
              </value>
            </param>
          </params>
          <reporter-output>
          </reporter-output>
        </test-method> <!-- RestData -->
        <test-method status="PASS" signature="RestData(java.lang.String, java.lang.String, java.lang.String)[pri:0, instance:Module1.DataProviderFromOtherClass@c285f4]" name="RestData" duration-ms="1" started-at="2017-03-28T12:01:51Z" data-provider="RegData" finished-at="2017-03-28T12:01:51Z">
          <params>
            <param index="0">
              <value>
                <![CDATA[U2]]>
              </value>
            </param>
            <param index="1">
              <value>
                <![CDATA[p2]]>
              </value>
            </param>
            <param index="2">
              <value>
                <![CDATA[abc@gmail.com]]>
              </value>
            </param>
          </params>
          <reporter-output>
          </reporter-output>
        </test-method> <!-- RestData -->
      </class> <!-- Module1.DataProviderFromOtherClass -->
    </test> <!-- Default test -->
  </suite> <!-- Default suite -->
</testng-results>
